<?xml version="1.0" encoding="UTF-8"?>
<testsuite xmlns:xsi="http://www.w3.org/2001/XMLSchema-instance" xsi:noNamespaceSchemaLocation="https://maven.apache.org/surefire/maven-surefire-plugin/xsd/surefire-test-report-3.0.xsd" version="3.0" name="TestSuite" time="20.333" tests="1" errors="0" skipped="0" failures="0">
  <properties>
[...]
</properties>
  <testcase name="Test02_sinscrire_gratuitement" classname="SauceApp.Suites.SuiteLogin" time="6.923">
    <system-out><![CDATA[------------------------------> je prépare l'enviremnemt de travail
------------------------------> : je ferme le pop UP 
------------------------------> : je clic sur le button se connecter
------------------------------> : je clic sur le lien s'incrire !!
------------------------------> : je rempli le formulaire
------------------------------> : je vérifie l'etat du button
------------------------------> : j'accepte les condition d'utilisation
------------------------------> : je clic sur le button pour créer un compte 
------------------------------> : je vérifie les champs sont rempli
------------------------------> : je vérifie les champs sont rempli
------------------------------> : je vérifie la couleur de la ville 
------------------------------> : je vérifie le checkbox
------------------------------> : je vérifie l'etat du button
]]></system-out>
    <system-err><![CDATA[SLF4J: Failed to load class "org.slf4j.impl.StaticLoggerBinder".
SLF4J: Defaulting to no-operation (NOP) logger implementation
SLF4J: See http://www.slf4j.org/codes.html#StaticLoggerBinder for further details.
Starting Microsoft Edge WebDriver 123.0.2420.65 (49b6a5859239c32604bcefee0b98e103c0a9bdae) on port 46027
To submit feedback, report a bug, or suggest new features, please visit https://github.com/MicrosoftEdge/EdgeWebDriver

Only local connections are allowed.
Please see https://aka.ms/WebDriverSecurity for suggestions on keeping Microsoft Edge WebDriver safe.

Microsoft Edge WebDriver was started successfully.
[1713791834.474][WARNING]: This version of Microsoft Edge WebDriver has not been tested with Microsoft Edge version 124.
avr. 22, 2024 2:17:14 PM org.openqa.selenium.remote.ProtocolHandshake createSession
INFO: Detected dialect: W3C
]]></system-err>
  </testcase>
</testsuite>