<?xml version="1.0" encoding="UTF-8"?>
<testng-results ignored="0" total="1" passed="1" failed="0" skipped="0">
  <reporter-output>
  </reporter-output>
  <suite started-at="2024-04-22T14:17:09 WEST" name="All Test Suite" finished-at="2024-04-22T14:17:29 WEST" duration-ms="19655">
    <groups>
    </groups>
    <test started-at="2024-04-22T14:17:09 WEST" name="SuiteLogin" finished-at="2024-04-22T14:17:29 WEST" duration-ms="19655">
      <class name="SauceApp.Suites.SuiteLogin">
        <test-method is-config="true" signature="lunchBrowser()[pri:0, instance:SauceApp.Suites.SuiteLogin@5bd03f44]" started-at="2024-04-22T14:17:09 WEST" name="lunchBrowser" finished-at="2024-04-22T14:17:21 WEST" duration-ms="11852" status="PASS">
          <reporter-output>
          </reporter-output>
        </test-method> <!-- lunchBrowser -->
        <test-method signature="Test02_sinscrire_gratuitement()[pri:0, instance:SauceApp.Suites.SuiteLogin@5bd03f44]" started-at="2024-04-22T14:17:21 WEST" name="Test02_sinscrire_gratuitement" finished-at="2024-04-22T14:17:28 WEST" duration-ms="6920" status="PASS">
          <reporter-output>
          </reporter-output>
        </test-method> <!-- Test02_sinscrire_gratuitement -->
        <test-method is-config="true" signature="closeBrowser()[pri:0, instance:SauceApp.Suites.SuiteLogin@5bd03f44]" started-at="2024-04-22T14:17:28 WEST" name="closeBrowser" finished-at="2024-04-22T14:17:29 WEST" duration-ms="833" status="PASS">
          <reporter-output>
          </reporter-output>
        </test-method> <!-- closeBrowser -->
      </class> <!-- SauceApp.Suites.SuiteLogin -->
    </test> <!-- SuiteLogin -->
  </suite> <!-- All Test Suite -->
</testng-results>
